[step, mod]: 6 7
6 5 4 3 2 1 0 6 
[ste.size(), "\n"]: 7 "
"
0 6 5 4 3 2 1 0 
[ste.size(), "\n"]: 7 "
"
1 0 6 5 4 3 2 1 
[ste.size(), "\n"]: 7 "
"
2 1 0 6 5 4 3 2 
[ste.size(), "\n"]: 7 "
"
3 2 1 0 6 5 4 3 
[ste.size(), "\n"]: 7 "
"
4 3 2 1 0 6 5 4 
[ste.size(), "\n"]: 7 "
"
5 4 3 2 1 0 6 5 
[ste.size(), "\n"]: 7 "
"
6 5 4 3 2 1 0 6 
[ste.size(), "\n"]: 7 "
"
[step, mod]: 6 8
6 4 2 0 6 4 2 0 6 
[ste.size(), "\n"]: 4 "
"
7 5 3 1 7 5 3 1 7 
[ste.size(), "\n"]: 4 "
"
0 6 4 2 0 6 4 2 0 
[ste.size(), "\n"]: 4 "
"
1 7 5 3 1 7 5 3 1 
[ste.size(), "\n"]: 4 "
"
2 0 6 4 2 0 6 4 2 
[ste.size(), "\n"]: 4 "
"
3 1 7 5 3 1 7 5 3 
[ste.size(), "\n"]: 4 "
"
4 2 0 6 4 2 0 6 4 
[ste.size(), "\n"]: 4 "
"
5 3 1 7 5 3 1 7 5 
[ste.size(), "\n"]: 4 "
"
6 4 2 0 6 4 2 0 6 
[ste.size(), "\n"]: 4 "
"
[step, mod]: 6 9
6 3 0 6 3 0 6 3 0 6 
[ste.size(), "\n"]: 3 "
"
7 4 1 7 4 1 7 4 1 7 
[ste.size(), "\n"]: 3 "
"
8 5 2 8 5 2 8 5 2 8 
[ste.size(), "\n"]: 3 "
"
0 6 3 0 6 3 0 6 3 0 
[ste.size(), "\n"]: 3 "
"
1 7 4 1 7 4 1 7 4 1 
[ste.size(), "\n"]: 3 "
"
2 8 5 2 8 5 2 8 5 2 
[ste.size(), "\n"]: 3 "
"
3 0 6 3 0 6 3 0 6 3 
[ste.size(), "\n"]: 3 "
"
4 1 7 4 1 7 4 1 7 4 
[ste.size(), "\n"]: 3 "
"
5 2 8 5 2 8 5 2 8 5 
[ste.size(), "\n"]: 3 "
"
6 3 0 6 3 0 6 3 0 6 
[ste.size(), "\n"]: 3 "
"
[step, mod]: 7 8
7 6 5 4 3 2 1 0 7 
[ste.size(), "\n"]: 8 "
"
0 7 6 5 4 3 2 1 0 
[ste.size(), "\n"]: 8 "
"
1 0 7 6 5 4 3 2 1 
[ste.size(), "\n"]: 8 "
"
2 1 0 7 6 5 4 3 2 
[ste.size(), "\n"]: 8 "
"
3 2 1 0 7 6 5 4 3 
[ste.size(), "\n"]: 8 "
"
4 3 2 1 0 7 6 5 4 
[ste.size(), "\n"]: 8 "
"
5 4 3 2 1 0 7 6 5 
[ste.size(), "\n"]: 8 "
"
6 5 4 3 2 1 0 7 6 
[ste.size(), "\n"]: 8 "
"
7 6 5 4 3 2 1 0 7 
[ste.size(), "\n"]: 8 "
"
[step, mod]: 7 9
7 5 3 1 8 6 4 2 0 7 
[ste.size(), "\n"]: 9 "
"
8 6 4 2 0 7 5 3 1 8 
[ste.size(), "\n"]: 9 "
"
0 7 5 3 1 8 6 4 2 0 
[ste.size(), "\n"]: 9 "
"
1 8 6 4 2 0 7 5 3 1 
[ste.size(), "\n"]: 9 "
"
2 0 7 5 3 1 8 6 4 2 
[ste.size(), "\n"]: 9 "
"
3 1 8 6 4 2 0 7 5 3 
[ste.size(), "\n"]: 9 "
"
4 2 0 7 5 3 1 8 6 4 
[ste.size(), "\n"]: 9 "
"
5 3 1 8 6 4 2 0 7 5 
[ste.size(), "\n"]: 9 "
"
6 4 2 0 7 5 3 1 8 6 
[ste.size(), "\n"]: 9 "
"
7 5 3 1 8 6 4 2 0 7 
[ste.size(), "\n"]: 9 "
"
[step, mod]: 8 9
8 7 6 5 4 3 2 1 0 8 
[ste.size(), "\n"]: 9 "
"
0 8 7 6 5 4 3 2 1 0 
[ste.size(), "\n"]: 9 "
"
1 0 8 7 6 5 4 3 2 1 
[ste.size(), "\n"]: 9 "
"
2 1 0 8 7 6 5 4 3 2 
[ste.size(), "\n"]: 9 "
"
3 2 1 0 8 7 6 5 4 3 
[ste.size(), "\n"]: 9 "
"
4 3 2 1 0 8 7 6 5 4 
[ste.size(), "\n"]: 9 "
"
5 4 3 2 1 0 8 7 6 5 
[ste.size(), "\n"]: 9 "
"
6 5 4 3 2 1 0 8 7 6 
[ste.size(), "\n"]: 9 "
"
7 6 5 4 3 2 1 0 8 7 
[ste.size(), "\n"]: 9 "
"
8 7 6 5 4 3 2 1 0 8 
[ste.size(), "\n"]: 9 "
"
